The system is: Windows - 10.0.19042 - AMD64
Compiling the C compiler identification source file "CMakeCCompilerId.c" succeeded.
Compiler: D:/VCS/VC/Tools/MSVC/14.30.30705/bin/Hostx86/x86/cl.exe 
Build flags: 
Id flags:  

The output was:
0
Microsoft (R) C/C++-Optimierungscompiler Version 19.30.30705 für x86
Copyright (C) Microsoft Corporation. Alle Rechte vorbehalten.

CMakeCCompilerId.c
Microsoft (R) Incremental Linker Version 14.30.30705.0
Copyright (C) Microsoft Corporation.  All rights reserved.

/out:CMakeCCompilerId.exe 
CMakeCCompilerId.obj 


Compilation of the C compiler identification source "CMakeCCompilerId.c" produced "CMakeCCompilerId.exe"

Compilation of the C compiler identification source "CMakeCCompilerId.c" produced "CMakeCCompilerId.obj"

The C compiler identification is MSVC, found in "C:/Users/levin/CLionProjects/Programmieruebungen/cmake-build-debug/CMakeFiles/3.20.2/CompilerIdC/CMakeCCompilerId.exe"

Detecting C compiler ABI info compiled with the following output:
Change Dir: C:/Users/levin/CLionProjects/Programmieruebungen/cmake-build-debug/CMakeFiles/CMakeTmp

Run Build Command(s):nmake -f Makefile /nologo cmTC_6c0ad\fast && 	D:\VCS\VC\Tools\MSVC\14.30.30705\bin\HostX86\x86\nmake.exe  -f CMakeFiles\cmTC_6c0ad.dir\build.make /nologo -L                  CMakeFiles\cmTC_6c0ad.dir\build
Building C object CMakeFiles/cmTC_6c0ad.dir/CMakeCCompilerABI.c.obj
	C:\Users\levin\AppData\Local\JetBrains\Toolbox\apps\CLion\ch-0\212.5457.51\bin\cmake\win\bin\cmake.exe -E cmake_cl_compile_depends --dep-file=CMakeFiles\cmTC_6c0ad.dir\CMakeCCompilerABI.c.obj.d --working-dir=C:\Users\levin\CLionProjects\Programmieruebungen\cmake-build-debug\CMakeFiles\CMakeTmp --filter-prefix="" -- D:\VCS\VC\Tools\MSVC\14.30.30705\bin\Hostx86\x86\cl.exe @C:\Users\levin\AppData\Local\Temp\nm61FB.tmp
Linking C executable cmTC_6c0ad.exe
	C:\Users\levin\AppData\Local\JetBrains\Toolbox\apps\CLion\ch-0\212.5457.51\bin\cmake\win\bin\cmake.exe -E vs_link_exe --intdir=CMakeFiles\cmTC_6c0ad.dir --rc=C:\PROGRA~2\WI3CF2~1\10\bin\100190~1.0\x86\rc.exe --mt=C:\PROGRA~2\WI3CF2~1\10\bin\100190~1.0\x86\mt.exe --manifests -- D:\VCS\VC\Tools\MSVC\14.30.30705\bin\Hostx86\x86\link.exe /nologo @CMakeFiles\cmTC_6c0ad.dir\objects1.rsp @C:\Users\levin\AppData\Local\Temp\nm649C.tmp



